[ ERROR ] Error in file '/Users/uocak/Desktop/fireflyCaseStudy/firefly-api/tests.robot' on line 4: Importing library 'JSONLibrary' failed: ModuleNotFoundError: No module named 'JSONLibrary'
Traceback (most recent call last):
  None
PYTHONPATH:
  /Users/uocak/Desktop/fireflyCaseStudy/firefly-api
  /Users/uocak/Desktop/fireflyCaseStudy/firefly-api
  /Users/uocak/.robocorp/live/30248506b6bf9afc/lib/python37.zip
  /Users/uocak/.robocorp/live/30248506b6bf9afc/lib/python3.7
  /Users/uocak/.robocorp/live/30248506b6bf9afc/lib/python3.7/lib-dynload
  /Users/uocak/.robocorp/live/30248506b6bf9afc/lib/python3.7/site-packages
[ ERROR ] Error in file '/Users/uocak/Desktop/fireflyCaseStudy/firefly-api/TestCases/TC_001_NotNullResponseControl.robot' on line 3: Importing library 'JSONLibrary' failed: ModuleNotFoundError: No module named 'JSONLibrary'
Traceback (most recent call last):
  None
PYTHONPATH:
  /Users/uocak/Desktop/fireflyCaseStudy/firefly-api
  /Users/uocak/Desktop/fireflyCaseStudy/firefly-api
  /Users/uocak/.robocorp/live/30248506b6bf9afc/lib/python37.zip
  /Users/uocak/.robocorp/live/30248506b6bf9afc/lib/python3.7
  /Users/uocak/.robocorp/live/30248506b6bf9afc/lib/python3.7/lib-dynload
  /Users/uocak/.robocorp/live/30248506b6bf9afc/lib/python3.7/site-packages
[ ERROR ] Error in file '/Users/uocak/Desktop/fireflyCaseStudy/firefly-api/TestCases/TC_002_Status200Test.robot' on line 3: Importing library 'JSONLibrary' failed: ModuleNotFoundError: No module named 'JSONLibrary'
Traceback (most recent call last):
  None
PYTHONPATH:
  /Users/uocak/Desktop/fireflyCaseStudy/firefly-api
  /Users/uocak/Desktop/fireflyCaseStudy/firefly-api
  /Users/uocak/.robocorp/live/30248506b6bf9afc/lib/python37.zip
  /Users/uocak/.robocorp/live/30248506b6bf9afc/lib/python3.7
  /Users/uocak/.robocorp/live/30248506b6bf9afc/lib/python3.7/lib-dynload
  /Users/uocak/.robocorp/live/30248506b6bf9afc/lib/python3.7/site-packages
[ ERROR ] Error in file '/Users/uocak/Desktop/fireflyCaseStudy/firefly-api/TestCases/TC_003_NotNullControlTotal_Pages_Page_limit.robot' on line 3: Importing library 'JSONLibrary' failed: ModuleNotFoundError: No module named 'JSONLibrary'
Traceback (most recent call last):
  None
PYTHONPATH:
  /Users/uocak/Desktop/fireflyCaseStudy/firefly-api
  /Users/uocak/Desktop/fireflyCaseStudy/firefly-api
  /Users/uocak/.robocorp/live/30248506b6bf9afc/lib/python37.zip
  /Users/uocak/.robocorp/live/30248506b6bf9afc/lib/python3.7
  /Users/uocak/.robocorp/live/30248506b6bf9afc/lib/python3.7/lib-dynload
  /Users/uocak/.robocorp/live/30248506b6bf9afc/lib/python3.7/site-packages
